CallLib/build/outputs/logs/manifest-merger-debug-report.txt
-- Merging decision tree log ---
manifest
ADDED from WebCastApp\CallLib\AndroidManifest.xml:1:1-11:12
INJECTED from WebCastApp\CallLib\AndroidManifest.xml:1:1-11:12
INJECTED from WebCastApp\CallLib\AndroidManifest.xml:1:1-11:12
INJECTED from WebCastApp\CallLib\AndroidManifest.xml:1:1-11:12
INJECTED from WebCastApp\CallLib\AndroidManifest.xml:1:1-11:12
INJECTED from WebCastApp\CallLib\AndroidManifest.xml:1:1-11:12
INJECTED from WebCastApp\CallLib\AndroidManifest.xml:1:1-11:12
	package
		ADDED from WebCastApp\CallLib\AndroidManifest.xml:2:5-30
		INJECTED from WebCastApp\CallLib\AndroidManifest.xml
		INJECTED from WebCastApp\CallLib\AndroidManifest.xml
	android:versionName
		INJECTED from WebCastApp\CallLib\AndroidManifest.xml
		ADDED from WebCastApp\CallLib\AndroidManifest.xml:1:1-11:12
		INJECTED from WebCastApp\CallLib\AndroidManifest.xml
	android:versionCode
		INJECTED from WebCastApp\CallLib\AndroidManifest.xml
		ADDED from WebCastApp\CallLib\AndroidManifest.xml:1:1-11:12
		INJECTED from WebCastApp\CallLib\AndroidManifest.xml
	xmlns:android
		ADDED from WebCastApp\CallLib\AndroidManifest.xml:1:11-69
application
ADDED from WebCastApp\CallLib\AndroidManifest.xml:6:5-9:19
uses-sdk
INJECTED from WebCastApp\CallLib\AndroidManifest.xml reason: use-sdk injection requested
INJECTED from WebCastApp\CallLib\AndroidManifest.xml
INJECTED from WebCastApp\CallLib\AndroidManifest.xml
INJECTED from WebCastApp\CallLib\AndroidManifest.xml
INJECTED from WebCastApp\CallLib\AndroidManifest.xml
	android:targetSdkVersion
		INJECTED from WebCastApp\CallLib\AndroidManifest.xml
		ADDED from WebCastApp\CallLib\AndroidManifest.xml
		INJECTED from WebCastApp\CallLib\AndroidManifest.xml
	android:minSdkVersion
		INJECTED from WebCastApp\CallLib\AndroidManifest.xml
		ADDED from WebCastApp\CallLib\AndroidManifest.xml
		INJECTED from WebCastApp\CallLib\AndroidManifest.xml